<?xml version="1.0" encoding="UTF-8"?>
<testsuite name="SHA1Test" tests="4" skipped="0" failures="0" errors="0" timestamp="2019-04-09T11:57:17" hostname="NZ.local" time="0.038">
  <properties/>
  <testcase name="a()" classname="SHA1Test" time="0.007"/>
  <testcase name="b()" classname="SHA1Test" time="0.004"/>
  <testcase name="c()" classname="SHA1Test" time="0.005"/>
  <testcase name="d()" classname="SHA1Test" time="0.003"/>
  <system-out><![CDATA[]]></system-out>
  <system-err><![CDATA[]]></system-err>
</testsuite>
